<?xml version="1.0" encoding="UTF-8"?>
<testng-results skipped="0" failed="0" ignored="0" total="1" passed="1">
  <reporter-output>
  </reporter-output>
  <suite name="Default suite" duration-ms="23730" started-at="2019-12-29T15:13:42Z" finished-at="2019-12-29T15:14:05Z">
    <groups>
    </groups>
    <test name="Default test" duration-ms="23730" started-at="2019-12-29T15:13:42Z" finished-at="2019-12-29T15:14:05Z">
      <class name="addAdvertisement">
        <test-method status="PASS" signature="beforeClass()[pri:0, instance:addAdvertisement@56f4468b]" name="beforeClass" is-config="true" duration-ms="5486" started-at="2019-12-29T20:43:42Z" finished-at="2019-12-29T20:43:47Z">
          <reporter-output>
          </reporter-output>
        </test-method> <!-- beforeClass -->
        <test-method status="PASS" signature="f()[pri:0, instance:addAdvertisement@56f4468b]" name="f" duration-ms="18222" started-at="2019-12-29T20:43:47Z" finished-at="2019-12-29T20:44:05Z">
          <reporter-output>
          </reporter-output>
        </test-method> <!-- f -->
        <test-method status="PASS" signature="beforeMethod()[pri:0, instance:addAdvertisement@56f4468b]" name="beforeMethod" is-config="true" duration-ms="0" started-at="2019-12-29T20:43:47Z" finished-at="2019-12-29T20:43:47Z">
          <reporter-output>
          </reporter-output>
        </test-method> <!-- beforeMethod -->
        <test-method status="PASS" signature="afterMethod()[pri:0, instance:addAdvertisement@56f4468b]" name="afterMethod" is-config="true" duration-ms="1" started-at="2019-12-29T20:44:05Z" finished-at="2019-12-29T20:44:05Z">
          <reporter-output>
          </reporter-output>
        </test-method> <!-- afterMethod -->
        <test-method status="PASS" signature="afterClass()[pri:0, instance:addAdvertisement@56f4468b]" name="afterClass" is-config="true" duration-ms="0" started-at="2019-12-29T20:44:05Z" finished-at="2019-12-29T20:44:05Z">
          <reporter-output>
          </reporter-output>
        </test-method> <!-- afterClass -->
      </class> <!-- addAdvertisement -->
    </test> <!-- Default test -->
  </suite> <!-- Default suite -->
</testng-results>
